<?xml version="1.0" encoding="UTF-8"?>
<testsuite name="com.cloudtruss.blackjack.SuitTest" tests="1" skipped="0" failures="0" errors="0" timestamp="2024-06-21T16:30:38" hostname="Courages-MBP.broadband" time="0.008">
  <properties/>
  <testcase name="heartPrintsHeart()" classname="com.cloudtruss.blackjack.SuitTest" time="0.008"/>
  <system-out><![CDATA[]]></system-out>
  <system-err><![CDATA[]]></system-err>
</testsuite>
